[ 2017-07-27T14:50:49+08:00 ] 127.0.0.1 /Sysadmin/Ajaxjson/report.html
INFO: [ app_init ] --START--
INFO: Run Behavior\BuildLiteBehavior [ RunTime:0.000049s ]
INFO: [ app_init ] --END-- [ RunTime:0.001587s ]
INFO: [ app_begin ] --START--
INFO: Run Behavior\ReadHtmlCacheBehavior [ RunTime:0.001293s ]
INFO: [ app_begin ] --END-- [ RunTime:0.001393s ]
SQL: SHOW COLUMNS FROM `cms_actrep` [ RunTime:0.0035s ]
SQL: SELECT COUNT(*) AS tp_count FROM `cms_actrep` WHERE `warn` = 0 LIMIT 1   [ RunTime:0.0003s ]

[ 2017-07-27T14:50:59+08:00 ] 127.0.0.1 /Sysadmin/Ajaxjson/report.html
INFO: [ app_init ] --START--
INFO: Run Behavior\BuildLiteBehavior [ RunTime:0.000032s ]
INFO: [ app_init ] --END-- [ RunTime:0.000875s ]
INFO: [ app_begin ] --START--
INFO: Run Behavior\ReadHtmlCacheBehavior [ RunTime:0.001264s ]
INFO: [ app_begin ] --END-- [ RunTime:0.001402s ]
SQL: SHOW COLUMNS FROM `cms_actrep` [ RunTime:0.0056s ]
SQL: SELECT COUNT(*) AS tp_count FROM `cms_actrep` WHERE `warn` = 0 LIMIT 1   [ RunTime:0.0002s ]

[ 2017-07-27T14:51:09+08:00 ] 127.0.0.1 /Sysadmin/Ajaxjson/report.html
INFO: [ app_init ] --START--
INFO: Run Behavior\BuildLiteBehavior [ RunTime:0.000023s ]
INFO: [ app_init ] --END-- [ RunTime:0.000565s ]
INFO: [ app_begin ] --START--
INFO: Run Behavior\ReadHtmlCacheBehavior [ RunTime:0.000833s ]
INFO: [ app_begin ] --END-- [ RunTime:0.000913s ]
SQL: SHOW COLUMNS FROM `cms_actrep` [ RunTime:0.0079s ]
SQL: SELECT COUNT(*) AS tp_count FROM `cms_actrep` WHERE `warn` = 0 LIMIT 1   [ RunTime:0.0002s ]

[ 2017-07-27T14:51:19+08:00 ] 127.0.0.1 /Sysadmin/Ajaxjson/report.html
INFO: [ app_init ] --START--
INFO: Run Behavior\BuildLiteBehavior [ RunTime:0.000031s ]
INFO: [ app_init ] --END-- [ RunTime:0.000834s ]
INFO: [ app_begin ] --START--
INFO: Run Behavior\ReadHtmlCacheBehavior [ RunTime:0.001310s ]
INFO: [ app_begin ] --END-- [ RunTime:0.001442s ]
SQL: SHOW COLUMNS FROM `cms_actrep` [ RunTime:0.0054s ]
SQL: SELECT COUNT(*) AS tp_count FROM `cms_actrep` WHERE `warn` = 0 LIMIT 1   [ RunTime:0.0002s ]

[ 2017-07-27T14:51:29+08:00 ] 127.0.0.1 /Sysadmin/Ajaxjson/report.html
INFO: [ app_init ] --START--
INFO: Run Behavior\BuildLiteBehavior [ RunTime:0.000029s ]
INFO: [ app_init ] --END-- [ RunTime:0.000796s ]
INFO: [ app_begin ] --START--
INFO: Run Behavior\ReadHtmlCacheBehavior [ RunTime:0.001247s ]
INFO: [ app_begin ] --END-- [ RunTime:0.001374s ]
SQL: SHOW COLUMNS FROM `cms_actrep` [ RunTime:0.0055s ]
SQL: SELECT COUNT(*) AS tp_count FROM `cms_actrep` WHERE `warn` = 0 LIMIT 1   [ RunTime:0.0002s ]

[ 2017-07-27T14:51:39+08:00 ] 127.0.0.1 /Sysadmin/Ajaxjson/report.html
INFO: [ app_init ] --START--
INFO: Run Behavior\BuildLiteBehavior [ RunTime:0.000020s ]
INFO: [ app_init ] --END-- [ RunTime:0.000472s ]
INFO: [ app_begin ] --START--
INFO: Run Behavior\ReadHtmlCacheBehavior [ RunTime:0.000604s ]
INFO: [ app_begin ] --END-- [ RunTime:0.000687s ]
SQL: SHOW COLUMNS FROM `cms_actrep` [ RunTime:0.0054s ]
SQL: SELECT COUNT(*) AS tp_count FROM `cms_actrep` WHERE `warn` = 0 LIMIT 1   [ RunTime:0.0003s ]

[ 2017-07-27T14:51:49+08:00 ] 127.0.0.1 /Sysadmin/Ajaxjson/report.html
INFO: [ app_init ] --START--
INFO: Run Behavior\BuildLiteBehavior [ RunTime:0.000048s ]
INFO: [ app_init ] --END-- [ RunTime:0.001063s ]
INFO: [ app_begin ] --START--
INFO: Run Behavior\ReadHtmlCacheBehavior [ RunTime:0.000589s ]
INFO: [ app_begin ] --END-- [ RunTime:0.000683s ]
SQL: SHOW COLUMNS FROM `cms_actrep` [ RunTime:0.0083s ]
SQL: SELECT COUNT(*) AS tp_count FROM `cms_actrep` WHERE `warn` = 0 LIMIT 1   [ RunTime:0.0003s ]

[ 2017-07-27T14:51:59+08:00 ] 127.0.0.1 /Sysadmin/Ajaxjson/report.html
INFO: [ app_init ] --START--
INFO: Run Behavior\BuildLiteBehavior [ RunTime:0.000019s ]
INFO: [ app_init ] --END-- [ RunTime:0.000393s ]
INFO: [ app_begin ] --START--
INFO: Run Behavior\ReadHtmlCacheBehavior [ RunTime:0.000458s ]
INFO: [ app_begin ] --END-- [ RunTime:0.000536s ]
SQL: SHOW COLUMNS FROM `cms_actrep` [ RunTime:0.0037s ]
SQL: SELECT COUNT(*) AS tp_count FROM `cms_actrep` WHERE `warn` = 0 LIMIT 1   [ RunTime:0.0003s ]

[ 2017-07-27T14:52:09+08:00 ] 127.0.0.1 /Sysadmin/Ajaxjson/report.html
INFO: [ app_init ] --START--
INFO: Run Behavior\BuildLiteBehavior [ RunTime:0.000022s ]
INFO: [ app_init ] --END-- [ RunTime:0.000598s ]
INFO: [ app_begin ] --START--
INFO: Run Behavior\ReadHtmlCacheBehavior [ RunTime:0.000573s ]
INFO: [ app_begin ] --END-- [ RunTime:0.000668s ]
SQL: SHOW COLUMNS FROM `cms_actrep` [ RunTime:0.0042s ]
SQL: SELECT COUNT(*) AS tp_count FROM `cms_actrep` WHERE `warn` = 0 LIMIT 1   [ RunTime:0.0003s ]

[ 2017-07-27T14:52:19+08:00 ] 127.0.0.1 /Sysadmin/Ajaxjson/report.html
INFO: [ app_init ] --START--
INFO: Run Behavior\BuildLiteBehavior [ RunTime:0.000019s ]
INFO: [ app_init ] --END-- [ RunTime:0.000376s ]
INFO: [ app_begin ] --START--
INFO: Run Behavior\ReadHtmlCacheBehavior [ RunTime:0.000445s ]
INFO: [ app_begin ] --END-- [ RunTime:0.000528s ]
SQL: SHOW COLUMNS FROM `cms_actrep` [ RunTime:0.0030s ]
SQL: SELECT COUNT(*) AS tp_count FROM `cms_actrep` WHERE `warn` = 0 LIMIT 1   [ RunTime:0.0002s ]

[ 2017-07-27T14:52:29+08:00 ] 127.0.0.1 /Sysadmin/Ajaxjson/report.html
INFO: [ app_init ] --START--
INFO: Run Behavior\BuildLiteBehavior [ RunTime:0.000020s ]
INFO: [ app_init ] --END-- [ RunTime:0.000377s ]
INFO: [ app_begin ] --START--
INFO: Run Behavior\ReadHtmlCacheBehavior [ RunTime:0.000671s ]
INFO: [ app_begin ] --END-- [ RunTime:0.000760s ]
SQL: SHOW COLUMNS FROM `cms_actrep` [ RunTime:0.0085s ]
SQL: SELECT COUNT(*) AS tp_count FROM `cms_actrep` WHERE `warn` = 0 LIMIT 1   [ RunTime:0.0003s ]

[ 2017-07-27T14:52:39+08:00 ] 127.0.0.1 /Sysadmin/Ajaxjson/report.html
INFO: [ app_init ] --START--
INFO: Run Behavior\BuildLiteBehavior [ RunTime:0.000050s ]
INFO: [ app_init ] --END-- [ RunTime:0.000606s ]
INFO: [ app_begin ] --START--
INFO: Run Behavior\ReadHtmlCacheBehavior [ RunTime:0.000481s ]
INFO: [ app_begin ] --END-- [ RunTime:0.000570s ]
SQL: SHOW COLUMNS FROM `cms_actrep` [ RunTime:0.0052s ]
SQL: SELECT COUNT(*) AS tp_count FROM `cms_actrep` WHERE `warn` = 0 LIMIT 1   [ RunTime:0.0002s ]

[ 2017-07-27T14:52:49+08:00 ] 127.0.0.1 /Sysadmin/Ajaxjson/report.html
INFO: [ app_init ] --START--
INFO: Run Behavior\BuildLiteBehavior [ RunTime:0.000047s ]
INFO: [ app_init ] --END-- [ RunTime:0.001241s ]
INFO: [ app_begin ] --START--
INFO: Run Behavior\ReadHtmlCacheBehavior [ RunTime:0.001085s ]
INFO: [ app_begin ] --END-- [ RunTime:0.001272s ]
SQL: SHOW COLUMNS FROM `cms_actrep` [ RunTime:0.0030s ]
SQL: SELECT COUNT(*) AS tp_count FROM `cms_actrep` WHERE `warn` = 0 LIMIT 1   [ RunTime:0.0002s ]

